{"C:\\Users\\CHUHOME\\Desktop\\movieRentalProject\\movieRentalServer\\src\\index.ts": {"path":"C:\\Users\\CHUHOME\\Desktop\\movieRentalProject\\movieRentalServer\\src\\index.ts","statementMap":{"0":{"start":{"line":1,"column":0},"end":{"line":1,"column":30}},"1":{"start":{"line":2,"column":0},"end":{"line":2,"column":24}},"2":{"start":{"line":3,"column":0},"end":{"line":3,"column":37}},"3":{"start":{"line":4,"column":0},"end":{"line":4,"column":28}},"4":{"start":{"line":6,"column":0},"end":{"line":6,"column":38}},"5":{"start":{"line":7,"column":0},"end":{"line":7,"column":60}},"6":{"start":{"line":8,"column":0},"end":{"line":8,"column":74}},"7":{"start":{"line":10,"column":0},"end":{"line":10,"column":55}},"8":{"start":{"line":11,"column":0},"end":{"line":11,"column":43}},"9":{"start":{"line":12,"column":0},"end":{"line":12,"column":39}},"10":{"start":{"line":14,"column":0},"end":{"line":14,"column":47}},"11":{"start":{"line":17,"column":0},"end":{"line":17,"column":16}},"12":{"start":{"line":20,"column":12},"end":{"line":20,"column":21}},"13":{"start":{"line":67,"column":9},"end":{"line":67,"column":12}},"14":{"start":{"line":23,"column":0},"end":{"line":23,"column":16}},"15":{"start":{"line":26,"column":0},"end":{"line":26,"column":27}},"16":{"start":{"line":29,"column":13},"end":{"line":29,"column":37}},"17":{"start":{"line":32,"column":17},"end":{"line":32,"column":46}},"18":{"start":{"line":35,"column":0},"end":{"line":44,"column":77}},"19":{"start":{"line":38,"column":15},"end":{"line":38,"column":39}},"20":{"start":{"line":39,"column":4},"end":{"line":39,"column":20}},"21":{"start":{"line":40,"column":4},"end":{"line":40,"column":25}},"22":{"start":{"line":41,"column":4},"end":{"line":41,"column":23}},"23":{"start":{"line":42,"column":4},"end":{"line":42,"column":41}},"24":{"start":{"line":44,"column":18},"end":{"line":44,"column":75}},"25":{"start":{"line":47,"column":0},"end":{"line":47,"column":49}},"26":{"start":{"line":48,"column":0},"end":{"line":48,"column":37}},"27":{"start":{"line":49,"column":0},"end":{"line":49,"column":33}},"28":{"start":{"line":52,"column":0},"end":{"line":52,"column":18}},"29":{"start":{"line":55,"column":0},"end":{"line":57,"column":3}},"30":{"start":{"line":56,"column":2},"end":{"line":56,"column":46}},"31":{"start":{"line":60,"column":0},"end":{"line":65,"column":1}},"32":{"start":{"line":61,"column":2},"end":{"line":64,"column":5}},"33":{"start":{"line":62,"column":4},"end":{"line":62,"column":65}},"34":{"start":{"line":63,"column":4},"end":{"line":63,"column":83}}},"fnMap":{"0":{"name":"(anonymous_1)","decl":{"start":{"line":36,"column":8},"end":{"line":36,"column":14}},"loc":{"start":{"line":36,"column":17},"end":{"line":43,"column":3}}},"1":{"name":"(anonymous_2)","decl":{"start":{"line":44,"column":9},"end":{"line":44,"column":14}},"loc":{"start":{"line":44,"column":18},"end":{"line":44,"column":75}}},"2":{"name":"(anonymous_3)","decl":{"start":{"line":55,"column":13},"end":{"line":55,"column":14}},"loc":{"start":{"line":55,"column":26},"end":{"line":57,"column":1}}},"3":{"name":"(anonymous_4)","decl":{"start":{"line":61,"column":19},"end":{"line":61,"column":22}},"loc":{"start":{"line":61,"column":24},"end":{"line":64,"column":3}}}},"branchMap":{"0":{"loc":{"start":{"line":29,"column":13},"end":{"line":29,"column":37}},"type":"binary-expr","locations":[{"start":{"line":29,"column":13},"end":{"line":29,"column":29}},{"start":{"line":29,"column":33},"end":{"line":29,"column":37}}]},"1":{"loc":{"start":{"line":32,"column":17},"end":{"line":32,"column":46}},"type":"binary-expr","locations":[{"start":{"line":32,"column":17},"end":{"line":32,"column":40}},{"start":{"line":32,"column":44},"end":{"line":32,"column":46}}]},"2":{"loc":{"start":{"line":60,"column":0},"end":{"line":65,"column":1}},"type":"if","locations":[{"start":{"line":60,"column":0},"end":{"line":65,"column":1}}]}},"s":{"0":3,"1":3,"2":3,"3":3,"4":3,"5":3,"6":3,"7":3,"8":3,"9":3,"10":3,"11":3,"12":3,"13":3,"14":3,"15":3,"16":3,"17":3,"18":3,"19":3,"20":3,"21":3,"22":3,"23":3,"24":0,"25":3,"26":3,"27":3,"28":3,"29":3,"30":0,"31":3,"32":0,"33":0,"34":0},"f":{"0":3,"1":0,"2":0,"3":0},"b":{"0":[3,0],"1":[3,0],"2":[0]}}
,"C:\\Users\\CHUHOME\\Desktop\\movieRentalProject\\movieRentalServer\\src\\routes\\applications.ts": {"path":"C:\\Users\\CHUHOME\\Desktop\\movieRentalProject\\movieRentalServer\\src\\routes\\applications.ts","statementMap":{"0":{"start":{"line":1,"column":0},"end":{"line":1,"column":33}},"1":{"start":{"line":2,"column":0},"end":{"line":2,"column":22}},"2":{"start":{"line":3,"column":0},"end":{"line":3,"column":140}},"3":{"start":{"line":4,"column":0},"end":{"line":4,"column":58}},"4":{"start":{"line":5,"column":0},"end":{"line":5,"column":37}},"5":{"start":{"line":7,"column":15},"end":{"line":7,"column":23}},"6":{"start":{"line":10,"column":26},"end":{"line":14,"column":2}},"7":{"start":{"line":17,"column":21},"end":{"line":19,"column":2}},"8":{"start":{"line":55,"column":0},"end":{"line":68,"column":3}},"9":{"start":{"line":55,"column":53},"end":{"line":68,"column":2}},"10":{"start":{"line":56,"column":20},"end":{"line":56,"column":56}},"11":{"start":{"line":58,"column":2},"end":{"line":60,"column":3}},"12":{"start":{"line":59,"column":4},"end":{"line":59,"column":69}},"13":{"start":{"line":62,"column":2},"end":{"line":67,"column":3}},"14":{"start":{"line":63,"column":19},"end":{"line":63,"column":52}},"15":{"start":{"line":64,"column":4},"end":{"line":64,"column":33}},"16":{"start":{"line":66,"column":4},"end":{"line":66,"column":68}},"17":{"start":{"line":102,"column":0},"end":{"line":109,"column":3}},"18":{"start":{"line":102,"column":52},"end":{"line":109,"column":2}},"19":{"start":{"line":103,"column":2},"end":{"line":108,"column":3}},"20":{"start":{"line":104,"column":25},"end":{"line":104,"column":51}},"21":{"start":{"line":105,"column":4},"end":{"line":105,"column":39}},"22":{"start":{"line":107,"column":4},"end":{"line":107,"column":68}},"23":{"start":{"line":146,"column":0},"end":{"line":162,"column":3}},"24":{"start":{"line":146,"column":62},"end":{"line":162,"column":2}},"25":{"start":{"line":147,"column":20},"end":{"line":147,"column":51}},"26":{"start":{"line":149,"column":2},"end":{"line":151,"column":3}},"27":{"start":{"line":150,"column":4},"end":{"line":150,"column":69}},"28":{"start":{"line":153,"column":2},"end":{"line":161,"column":3}},"29":{"start":{"line":154,"column":31},"end":{"line":154,"column":92}},"30":{"start":{"line":155,"column":4},"end":{"line":157,"column":5}},"31":{"start":{"line":156,"column":6},"end":{"line":156,"column":70}},"32":{"start":{"line":158,"column":4},"end":{"line":158,"column":81}},"33":{"start":{"line":160,"column":4},"end":{"line":160,"column":75}},"34":{"start":{"line":199,"column":0},"end":{"line":215,"column":3}},"35":{"start":{"line":199,"column":87},"end":{"line":215,"column":2}},"36":{"start":{"line":200,"column":24},"end":{"line":200,"column":37}},"37":{"start":{"line":202,"column":2},"end":{"line":204,"column":3}},"38":{"start":{"line":203,"column":4},"end":{"line":203,"column":65}},"39":{"start":{"line":206,"column":2},"end":{"line":214,"column":3}},"40":{"start":{"line":207,"column":31},"end":{"line":207,"column":93}},"41":{"start":{"line":208,"column":4},"end":{"line":210,"column":5}},"42":{"start":{"line":209,"column":6},"end":{"line":209,"column":72}},"43":{"start":{"line":211,"column":4},"end":{"line":211,"column":90}},"44":{"start":{"line":213,"column":4},"end":{"line":213,"column":71}},"45":{"start":{"line":217,"column":0},"end":{"line":217,"column":22}}},"fnMap":{"0":{"name":"(anonymous_8)","decl":{"start":{"line":55,"column":34},"end":{"line":55,"column":41}},"loc":{"start":{"line":55,"column":53},"end":{"line":68,"column":2}}},"1":{"name":"(anonymous_9)","decl":{"start":{"line":55,"column":53},"end":{"line":55,"column":null}},"loc":{"start":{"line":55,"column":53},"end":{"line":68,"column":1}}},"2":{"name":"(anonymous_10)","decl":{"start":{"line":102,"column":33},"end":{"line":102,"column":40}},"loc":{"start":{"line":102,"column":52},"end":{"line":109,"column":2}}},"3":{"name":"(anonymous_11)","decl":{"start":{"line":102,"column":52},"end":{"line":102,"column":null}},"loc":{"start":{"line":102,"column":52},"end":{"line":109,"column":1}}},"4":{"name":"(anonymous_12)","decl":{"start":{"line":146,"column":43},"end":{"line":146,"column":50}},"loc":{"start":{"line":146,"column":62},"end":{"line":162,"column":2}}},"5":{"name":"(anonymous_13)","decl":{"start":{"line":146,"column":62},"end":{"line":146,"column":null}},"loc":{"start":{"line":146,"column":62},"end":{"line":162,"column":1}}},"6":{"name":"(anonymous_14)","decl":{"start":{"line":199,"column":68},"end":{"line":199,"column":75}},"loc":{"start":{"line":199,"column":87},"end":{"line":215,"column":2}}},"7":{"name":"(anonymous_15)","decl":{"start":{"line":199,"column":87},"end":{"line":199,"column":null}},"loc":{"start":{"line":199,"column":87},"end":{"line":215,"column":1}}}},"branchMap":{"0":{"loc":{"start":{"line":58,"column":2},"end":{"line":60,"column":3}},"type":"if","locations":[{"start":{"line":58,"column":2},"end":{"line":60,"column":3}}]},"1":{"loc":{"start":{"line":149,"column":2},"end":{"line":151,"column":3}},"type":"if","locations":[{"start":{"line":149,"column":2},"end":{"line":151,"column":3}}]},"2":{"loc":{"start":{"line":155,"column":4},"end":{"line":157,"column":5}},"type":"if","locations":[{"start":{"line":155,"column":4},"end":{"line":157,"column":5}}]},"3":{"loc":{"start":{"line":202,"column":2},"end":{"line":204,"column":3}},"type":"if","locations":[{"start":{"line":202,"column":2},"end":{"line":204,"column":3}}]},"4":{"loc":{"start":{"line":208,"column":4},"end":{"line":210,"column":5}},"type":"if","locations":[{"start":{"line":208,"column":4},"end":{"line":210,"column":5}}]}},"s":{"0":3,"1":3,"2":3,"3":3,"4":3,"5":3,"6":3,"7":3,"8":3,"9":1,"10":1,"11":1,"12":0,"13":1,"14":1,"15":1,"16":0,"17":3,"18":1,"19":1,"20":1,"21":1,"22":0,"23":3,"24":1,"25":1,"26":1,"27":0,"28":1,"29":1,"30":1,"31":0,"32":1,"33":0,"34":3,"35":1,"36":1,"37":1,"38":0,"39":1,"40":1,"41":1,"42":0,"43":1,"44":0,"45":3},"f":{"0":1,"1":1,"2":1,"3":1,"4":1,"5":1,"6":1,"7":1},"b":{"0":[0],"1":[0],"2":[0],"3":[0],"4":[0]}}
,"C:\\Users\\CHUHOME\\Desktop\\movieRentalProject\\movieRentalServer\\src\\routes\\auth.ts": {"path":"C:\\Users\\CHUHOME\\Desktop\\movieRentalProject\\movieRentalServer\\src\\routes\\auth.ts","statementMap":{"0":{"start":{"line":1,"column":0},"end":{"line":1,"column":30}},"1":{"start":{"line":2,"column":0},"end":{"line":2,"column":30}},"2":{"start":{"line":3,"column":0},"end":{"line":3,"column":31}},"3":{"start":{"line":5,"column":15},"end":{"line":5,"column":31}},"4":{"start":{"line":46,"column":0},"end":{"line":77,"column":3}},"5":{"start":{"line":46,"column":44},"end":{"line":77,"column":2}},"6":{"start":{"line":47,"column":39},"end":{"line":47,"column":47}},"7":{"start":{"line":49,"column":2},"end":{"line":51,"column":3}},"8":{"start":{"line":50,"column":4},"end":{"line":50,"column":83}},"9":{"start":{"line":53,"column":2},"end":{"line":76,"column":3}},"10":{"start":{"line":55,"column":17},"end":{"line":55,"column":82}},"11":{"start":{"line":56,"column":4},"end":{"line":58,"column":5}},"12":{"start":{"line":57,"column":6},"end":{"line":57,"column":70}},"13":{"start":{"line":61,"column":27},"end":{"line":61,"column":58}},"14":{"start":{"line":64,"column":20},"end":{"line":68,"column":6}},"15":{"start":{"line":71,"column":19},"end":{"line":71,"column":81}},"16":{"start":{"line":73,"column":4},"end":{"line":73,"column":97}},"17":{"start":{"line":75,"column":4},"end":{"line":75,"column":64}},"18":{"start":{"line":111,"column":0},"end":{"line":145,"column":3}},"19":{"start":{"line":111,"column":41},"end":{"line":145,"column":2}},"20":{"start":{"line":112,"column":33},"end":{"line":112,"column":41}},"21":{"start":{"line":114,"column":2},"end":{"line":116,"column":3}},"22":{"start":{"line":115,"column":4},"end":{"line":115,"column":83}},"23":{"start":{"line":118,"column":2},"end":{"line":144,"column":3}},"24":{"start":{"line":120,"column":17},"end":{"line":120,"column":82}},"25":{"start":{"line":122,"column":4},"end":{"line":124,"column":5}},"26":{"start":{"line":123,"column":6},"end":{"line":123,"column":65}},"27":{"start":{"line":127,"column":26},"end":{"line":127,"column":71}},"28":{"start":{"line":129,"column":4},"end":{"line":131,"column":5}},"29":{"start":{"line":130,"column":6},"end":{"line":130,"column":70}},"30":{"start":{"line":134,"column":18},"end":{"line":137,"column":null}},"31":{"start":{"line":141,"column":4},"end":{"line":141,"column":53}},"32":{"start":{"line":143,"column":4},"end":{"line":143,"column":58}},"33":{"start":{"line":147,"column":0},"end":{"line":147,"column":22}}},"fnMap":{"0":{"name":"(anonymous_8)","decl":{"start":{"line":46,"column":25},"end":{"line":46,"column":32}},"loc":{"start":{"line":46,"column":44},"end":{"line":77,"column":2}}},"1":{"name":"(anonymous_9)","decl":{"start":{"line":46,"column":44},"end":{"line":46,"column":null}},"loc":{"start":{"line":46,"column":44},"end":{"line":77,"column":1}}},"2":{"name":"(anonymous_10)","decl":{"start":{"line":111,"column":22},"end":{"line":111,"column":29}},"loc":{"start":{"line":111,"column":41},"end":{"line":145,"column":2}}},"3":{"name":"(anonymous_11)","decl":{"start":{"line":111,"column":41},"end":{"line":111,"column":null}},"loc":{"start":{"line":111,"column":41},"end":{"line":145,"column":1}}}},"branchMap":{"0":{"loc":{"start":{"line":49,"column":2},"end":{"line":51,"column":3}},"type":"if","locations":[{"start":{"line":49,"column":2},"end":{"line":51,"column":3}}]},"1":{"loc":{"start":{"line":49,"column":6},"end":{"line":49,"column":28}},"type":"binary-expr","locations":[{"start":{"line":49,"column":6},"end":{"line":49,"column":15}},{"start":{"line":49,"column":19},"end":{"line":49,"column":28}}]},"2":{"loc":{"start":{"line":56,"column":4},"end":{"line":58,"column":5}},"type":"if","locations":[{"start":{"line":56,"column":4},"end":{"line":58,"column":5}}]},"3":{"loc":{"start":{"line":67,"column":12},"end":{"line":67,"column":26}},"type":"binary-expr","locations":[{"start":{"line":67,"column":12},"end":{"line":67,"column":16}},{"start":{"line":67,"column":20},"end":{"line":67,"column":26}}]},"4":{"loc":{"start":{"line":114,"column":2},"end":{"line":116,"column":3}},"type":"if","locations":[{"start":{"line":114,"column":2},"end":{"line":116,"column":3}}]},"5":{"loc":{"start":{"line":114,"column":6},"end":{"line":114,"column":28}},"type":"binary-expr","locations":[{"start":{"line":114,"column":6},"end":{"line":114,"column":15}},{"start":{"line":114,"column":19},"end":{"line":114,"column":28}}]},"6":{"loc":{"start":{"line":122,"column":4},"end":{"line":124,"column":5}},"type":"if","locations":[{"start":{"line":122,"column":4},"end":{"line":124,"column":5}}]},"7":{"loc":{"start":{"line":129,"column":4},"end":{"line":131,"column":5}},"type":"if","locations":[{"start":{"line":129,"column":4},"end":{"line":131,"column":5}}]},"8":{"loc":{"start":{"line":136,"column":6},"end":{"line":136,"column":43}},"type":"binary-expr","locations":[{"start":{"line":136,"column":6},"end":{"line":136,"column":28}},{"start":{"line":136,"column":32},"end":{"line":136,"column":43}}]}},"s":{"0":3,"1":3,"2":3,"3":3,"4":3,"5":4,"6":4,"7":4,"8":1,"9":3,"10":3,"11":3,"12":3,"13":0,"14":0,"15":0,"16":0,"17":0,"18":3,"19":4,"20":4,"21":4,"22":0,"23":4,"24":4,"25":4,"26":0,"27":4,"28":4,"29":1,"30":3,"31":3,"32":0,"33":3},"f":{"0":4,"1":4,"2":4,"3":4},"b":{"0":[1],"1":[4,4],"2":[3],"3":[0,0],"4":[0],"5":[4,4],"6":[0],"7":[1],"8":[3,3]}}
,"C:\\Users\\CHUHOME\\Desktop\\movieRentalProject\\movieRentalServer\\src\\routes\\movies.ts": {"path":"C:\\Users\\CHUHOME\\Desktop\\movieRentalProject\\movieRentalServer\\src\\routes\\movies.ts","statementMap":{"0":{"start":{"line":1,"column":0},"end":{"line":1,"column":33}},"1":{"start":{"line":2,"column":0},"end":{"line":2,"column":35}},"2":{"start":{"line":3,"column":0},"end":{"line":3,"column":106}},"3":{"start":{"line":4,"column":0},"end":{"line":4,"column":22}},"4":{"start":{"line":5,"column":0},"end":{"line":5,"column":37}},"5":{"start":{"line":6,"column":0},"end":{"line":6,"column":65}},"6":{"start":{"line":7,"column":0},"end":{"line":7,"column":58}},"7":{"start":{"line":9,"column":15},"end":{"line":9,"column":23}},"8":{"start":{"line":11,"column":20},"end":{"line":17,"column":2}},"9":{"start":{"line":55,"column":0},"end":{"line":62,"column":3}},"10":{"start":{"line":55,"column":52},"end":{"line":62,"column":2}},"11":{"start":{"line":56,"column":2},"end":{"line":61,"column":3}},"12":{"start":{"line":57,"column":19},"end":{"line":57,"column":39}},"13":{"start":{"line":58,"column":4},"end":{"line":58,"column":21}},"14":{"start":{"line":60,"column":4},"end":{"line":60,"column":62}},"15":{"start":{"line":89,"column":0},"end":{"line":105,"column":3}},"16":{"start":{"line":89,"column":55},"end":{"line":105,"column":2}},"17":{"start":{"line":90,"column":18},"end":{"line":90,"column":31}},"18":{"start":{"line":92,"column":2},"end":{"line":94,"column":3}},"19":{"start":{"line":93,"column":4},"end":{"line":93,"column":70}},"20":{"start":{"line":96,"column":2},"end":{"line":104,"column":3}},"21":{"start":{"line":97,"column":18},"end":{"line":97,"column":45}},"22":{"start":{"line":98,"column":4},"end":{"line":100,"column":5}},"23":{"start":{"line":99,"column":6},"end":{"line":99,"column":64}},"24":{"start":{"line":101,"column":4},"end":{"line":101,"column":20}},"25":{"start":{"line":103,"column":4},"end":{"line":103,"column":61}},"26":{"start":{"line":149,"column":0},"end":{"line":162,"column":3}},"27":{"start":{"line":149,"column":53},"end":{"line":162,"column":2}},"28":{"start":{"line":150,"column":20},"end":{"line":150,"column":50}},"29":{"start":{"line":152,"column":2},"end":{"line":154,"column":3}},"30":{"start":{"line":153,"column":4},"end":{"line":153,"column":69}},"31":{"start":{"line":156,"column":2},"end":{"line":161,"column":3}},"32":{"start":{"line":157,"column":19},"end":{"line":157,"column":43}},"33":{"start":{"line":158,"column":4},"end":{"line":158,"column":33}},"34":{"start":{"line":160,"column":4},"end":{"line":160,"column":59}},"35":{"start":{"line":209,"column":0},"end":{"line":231,"column":3}},"36":{"start":{"line":209,"column":55},"end":{"line":231,"column":2}},"37":{"start":{"line":210,"column":18},"end":{"line":210,"column":31}},"38":{"start":{"line":212,"column":2},"end":{"line":214,"column":3}},"39":{"start":{"line":213,"column":4},"end":{"line":213,"column":70}},"40":{"start":{"line":216,"column":20},"end":{"line":216,"column":50}},"41":{"start":{"line":218,"column":2},"end":{"line":220,"column":3}},"42":{"start":{"line":219,"column":4},"end":{"line":219,"column":69}},"43":{"start":{"line":222,"column":2},"end":{"line":230,"column":3}},"44":{"start":{"line":223,"column":19},"end":{"line":223,"column":55}},"45":{"start":{"line":224,"column":4},"end":{"line":226,"column":5}},"46":{"start":{"line":225,"column":6},"end":{"line":225,"column":64}},"47":{"start":{"line":227,"column":4},"end":{"line":227,"column":56}},"48":{"start":{"line":229,"column":4},"end":{"line":229,"column":62}},"49":{"start":{"line":258,"column":0},"end":{"line":274,"column":3}},"50":{"start":{"line":258,"column":58},"end":{"line":274,"column":2}},"51":{"start":{"line":259,"column":18},"end":{"line":259,"column":31}},"52":{"start":{"line":261,"column":2},"end":{"line":263,"column":3}},"53":{"start":{"line":262,"column":4},"end":{"line":262,"column":70}},"54":{"start":{"line":265,"column":2},"end":{"line":273,"column":3}},"55":{"start":{"line":266,"column":19},"end":{"line":266,"column":45}},"56":{"start":{"line":267,"column":4},"end":{"line":269,"column":5}},"57":{"start":{"line":268,"column":6},"end":{"line":268,"column":64}},"58":{"start":{"line":270,"column":4},"end":{"line":270,"column":56}},"59":{"start":{"line":272,"column":4},"end":{"line":272,"column":62}},"60":{"start":{"line":313,"column":0},"end":{"line":330,"column":3}},"61":{"start":{"line":313,"column":88},"end":{"line":330,"column":2}},"62":{"start":{"line":314,"column":18},"end":{"line":314,"column":31}},"63":{"start":{"line":316,"column":2},"end":{"line":318,"column":3}},"64":{"start":{"line":317,"column":4},"end":{"line":317,"column":63}},"65":{"start":{"line":320,"column":2},"end":{"line":329,"column":3}},"66":{"start":{"line":321,"column":19},"end":{"line":321,"column":70}},"67":{"start":{"line":322,"column":4},"end":{"line":324,"column":5}},"68":{"start":{"line":323,"column":6},"end":{"line":323,"column":64}},"69":{"start":{"line":326,"column":4},"end":{"line":326,"column":91}},"70":{"start":{"line":328,"column":4},"end":{"line":328,"column":63}},"71":{"start":{"line":332,"column":0},"end":{"line":332,"column":22}}},"fnMap":{"0":{"name":"(anonymous_8)","decl":{"start":{"line":55,"column":33},"end":{"line":55,"column":40}},"loc":{"start":{"line":55,"column":52},"end":{"line":62,"column":2}}},"1":{"name":"(anonymous_9)","decl":{"start":{"line":55,"column":52},"end":{"line":55,"column":null}},"loc":{"start":{"line":55,"column":52},"end":{"line":62,"column":1}}},"2":{"name":"(anonymous_10)","decl":{"start":{"line":89,"column":36},"end":{"line":89,"column":43}},"loc":{"start":{"line":89,"column":55},"end":{"line":105,"column":2}}},"3":{"name":"(anonymous_11)","decl":{"start":{"line":89,"column":55},"end":{"line":89,"column":null}},"loc":{"start":{"line":89,"column":55},"end":{"line":105,"column":1}}},"4":{"name":"(anonymous_12)","decl":{"start":{"line":149,"column":34},"end":{"line":149,"column":41}},"loc":{"start":{"line":149,"column":53},"end":{"line":162,"column":2}}},"5":{"name":"(anonymous_13)","decl":{"start":{"line":149,"column":53},"end":{"line":149,"column":null}},"loc":{"start":{"line":149,"column":53},"end":{"line":162,"column":1}}},"6":{"name":"(anonymous_14)","decl":{"start":{"line":209,"column":36},"end":{"line":209,"column":43}},"loc":{"start":{"line":209,"column":55},"end":{"line":231,"column":2}}},"7":{"name":"(anonymous_15)","decl":{"start":{"line":209,"column":55},"end":{"line":209,"column":null}},"loc":{"start":{"line":209,"column":55},"end":{"line":231,"column":1}}},"8":{"name":"(anonymous_16)","decl":{"start":{"line":258,"column":39},"end":{"line":258,"column":46}},"loc":{"start":{"line":258,"column":58},"end":{"line":274,"column":2}}},"9":{"name":"(anonymous_17)","decl":{"start":{"line":258,"column":58},"end":{"line":258,"column":null}},"loc":{"start":{"line":258,"column":58},"end":{"line":274,"column":1}}},"10":{"name":"(anonymous_18)","decl":{"start":{"line":313,"column":69},"end":{"line":313,"column":76}},"loc":{"start":{"line":313,"column":88},"end":{"line":330,"column":2}}},"11":{"name":"(anonymous_19)","decl":{"start":{"line":313,"column":88},"end":{"line":313,"column":null}},"loc":{"start":{"line":313,"column":88},"end":{"line":330,"column":1}}}},"branchMap":{"0":{"loc":{"start":{"line":92,"column":2},"end":{"line":94,"column":3}},"type":"if","locations":[{"start":{"line":92,"column":2},"end":{"line":94,"column":3}}]},"1":{"loc":{"start":{"line":98,"column":4},"end":{"line":100,"column":5}},"type":"if","locations":[{"start":{"line":98,"column":4},"end":{"line":100,"column":5}}]},"2":{"loc":{"start":{"line":152,"column":2},"end":{"line":154,"column":3}},"type":"if","locations":[{"start":{"line":152,"column":2},"end":{"line":154,"column":3}}]},"3":{"loc":{"start":{"line":212,"column":2},"end":{"line":214,"column":3}},"type":"if","locations":[{"start":{"line":212,"column":2},"end":{"line":214,"column":3}}]},"4":{"loc":{"start":{"line":218,"column":2},"end":{"line":220,"column":3}},"type":"if","locations":[{"start":{"line":218,"column":2},"end":{"line":220,"column":3}}]},"5":{"loc":{"start":{"line":224,"column":4},"end":{"line":226,"column":5}},"type":"if","locations":[{"start":{"line":224,"column":4},"end":{"line":226,"column":5}}]},"6":{"loc":{"start":{"line":261,"column":2},"end":{"line":263,"column":3}},"type":"if","locations":[{"start":{"line":261,"column":2},"end":{"line":263,"column":3}}]},"7":{"loc":{"start":{"line":267,"column":4},"end":{"line":269,"column":5}},"type":"if","locations":[{"start":{"line":267,"column":4},"end":{"line":269,"column":5}}]},"8":{"loc":{"start":{"line":316,"column":2},"end":{"line":318,"column":3}},"type":"if","locations":[{"start":{"line":316,"column":2},"end":{"line":318,"column":3}}]},"9":{"loc":{"start":{"line":322,"column":4},"end":{"line":324,"column":5}},"type":"if","locations":[{"start":{"line":322,"column":4},"end":{"line":324,"column":5}}]}},"s":{"0":3,"1":3,"2":3,"3":3,"4":3,"5":3,"6":3,"7":3,"8":3,"9":3,"10":0,"11":0,"12":0,"13":0,"14":0,"15":3,"16":1,"17":1,"18":1,"19":0,"20":1,"21":1,"22":1,"23":0,"24":1,"25":0,"26":3,"27":1,"28":1,"29":1,"30":0,"31":1,"32":1,"33":1,"34":0,"35":3,"36":1,"37":1,"38":1,"39":0,"40":1,"41":1,"42":0,"43":1,"44":1,"45":1,"46":0,"47":1,"48":0,"49":3,"50":1,"51":1,"52":1,"53":0,"54":1,"55":1,"56":1,"57":0,"58":1,"59":0,"60":3,"61":0,"62":0,"63":0,"64":0,"65":0,"66":0,"67":0,"68":0,"69":0,"70":0,"71":3},"f":{"0":0,"1":0,"2":1,"3":1,"4":1,"5":1,"6":1,"7":1,"8":1,"9":1,"10":0,"11":0},"b":{"0":[0],"1":[0],"2":[0],"3":[0],"4":[0],"5":[0],"6":[0],"7":[0],"8":[0],"9":[0]}}
,"C:\\Users\\CHUHOME\\Desktop\\movieRentalProject\\movieRentalServer\\src\\services\\applicationService.ts": {"path":"C:\\Users\\CHUHOME\\Desktop\\movieRentalProject\\movieRentalServer\\src\\services\\applicationService.ts","statementMap":{"0":{"start":{"line":1,"column":0},"end":{"line":1,"column":39}},"1":{"start":{"line":6,"column":27},"end":{"line":8,"column":1}},"2":{"start":{"line":7,"column":2},"end":{"line":7,"column":16}},"3":{"start":{"line":6,"column":13},"end":{"line":6,"column":27}},"4":{"start":{"line":11,"column":33},"end":{"line":23,"column":2}},"5":{"start":{"line":11,"column":60},"end":{"line":23,"column":2}},"6":{"start":{"line":12,"column":2},"end":{"line":22,"column":3}},"7":{"start":{"line":13,"column":19},"end":{"line":16,"column":null}},"8":{"start":{"line":18,"column":4},"end":{"line":18,"column":18}},"9":{"start":{"line":20,"column":4},"end":{"line":20,"column":58}},"10":{"start":{"line":21,"column":4},"end":{"line":21,"column":52}},"11":{"start":{"line":11,"column":13},"end":{"line":11,"column":33}},"12":{"start":{"line":26,"column":34},"end":{"line":34,"column":2}},"13":{"start":{"line":26,"column":45},"end":{"line":34,"column":2}},"14":{"start":{"line":27,"column":2},"end":{"line":33,"column":3}},"15":{"start":{"line":28,"column":25},"end":{"line":28,"column":77}},"16":{"start":{"line":29,"column":4},"end":{"line":29,"column":24}},"17":{"start":{"line":31,"column":4},"end":{"line":31,"column":58}},"18":{"start":{"line":32,"column":4},"end":{"line":32,"column":52}},"19":{"start":{"line":26,"column":13},"end":{"line":26,"column":34}},"20":{"start":{"line":37,"column":39},"end":{"line":51,"column":2}},"21":{"start":{"line":37,"column":76},"end":{"line":51,"column":2}},"22":{"start":{"line":38,"column":2},"end":{"line":50,"column":3}},"23":{"start":{"line":39,"column":19},"end":{"line":41,"column":null}},"24":{"start":{"line":43,"column":4},"end":{"line":45,"column":5}},"25":{"start":{"line":44,"column":6},"end":{"line":44,"column":18}},"26":{"start":{"line":46,"column":4},"end":{"line":46,"column":18}},"27":{"start":{"line":48,"column":4},"end":{"line":48,"column":78}},"28":{"start":{"line":49,"column":4},"end":{"line":49,"column":59}},"29":{"start":{"line":37,"column":13},"end":{"line":37,"column":39}},"30":{"start":{"line":54,"column":42},"end":{"line":68,"column":2}},"31":{"start":{"line":54,"column":82},"end":{"line":68,"column":2}},"32":{"start":{"line":55,"column":2},"end":{"line":67,"column":3}},"33":{"start":{"line":56,"column":19},"end":{"line":58,"column":null}},"34":{"start":{"line":60,"column":4},"end":{"line":62,"column":5}},"35":{"start":{"line":61,"column":6},"end":{"line":61,"column":18}},"36":{"start":{"line":63,"column":4},"end":{"line":63,"column":18}},"37":{"start":{"line":65,"column":4},"end":{"line":65,"column":82}},"38":{"start":{"line":66,"column":4},"end":{"line":66,"column":63}},"39":{"start":{"line":54,"column":13},"end":{"line":54,"column":42}},"40":{"start":{"line":71,"column":34},"end":{"line":82,"column":2}},"41":{"start":{"line":71,"column":55},"end":{"line":82,"column":2}},"42":{"start":{"line":72,"column":2},"end":{"line":81,"column":3}},"43":{"start":{"line":73,"column":24},"end":{"line":73,"column":94}},"44":{"start":{"line":74,"column":4},"end":{"line":76,"column":5}},"45":{"start":{"line":75,"column":6},"end":{"line":75,"column":47}},"46":{"start":{"line":77,"column":4},"end":{"line":77,"column":23}},"47":{"start":{"line":79,"column":4},"end":{"line":79,"column":71}},"48":{"start":{"line":80,"column":4},"end":{"line":80,"column":51}},"49":{"start":{"line":71,"column":13},"end":{"line":71,"column":34}}},"fnMap":{"0":{"name":"(anonymous_7)","decl":{"start":{"line":6,"column":27},"end":{"line":6,"column":28}},"loc":{"start":{"line":6,"column":44},"end":{"line":8,"column":1}}},"1":{"name":"(anonymous_8)","decl":{"start":{"line":11,"column":33},"end":{"line":11,"column":40}},"loc":{"start":{"line":11,"column":60},"end":{"line":23,"column":2}}},"2":{"name":"(anonymous_9)","decl":{"start":{"line":11,"column":60},"end":{"line":11,"column":null}},"loc":{"start":{"line":11,"column":60},"end":{"line":23,"column":1}}},"3":{"name":"(anonymous_10)","decl":{"start":{"line":26,"column":34},"end":{"line":26,"column":43}},"loc":{"start":{"line":26,"column":45},"end":{"line":34,"column":2}}},"4":{"name":"(anonymous_11)","decl":{"start":{"line":26,"column":45},"end":{"line":26,"column":null}},"loc":{"start":{"line":26,"column":45},"end":{"line":34,"column":1}}},"5":{"name":"(anonymous_12)","decl":{"start":{"line":37,"column":39},"end":{"line":37,"column":46}},"loc":{"start":{"line":37,"column":76},"end":{"line":51,"column":2}}},"6":{"name":"(anonymous_13)","decl":{"start":{"line":37,"column":76},"end":{"line":37,"column":null}},"loc":{"start":{"line":37,"column":76},"end":{"line":51,"column":1}}},"7":{"name":"(anonymous_14)","decl":{"start":{"line":54,"column":42},"end":{"line":54,"column":49}},"loc":{"start":{"line":54,"column":82},"end":{"line":68,"column":2}}},"8":{"name":"(anonymous_15)","decl":{"start":{"line":54,"column":82},"end":{"line":54,"column":null}},"loc":{"start":{"line":54,"column":82},"end":{"line":68,"column":1}}},"9":{"name":"(anonymous_16)","decl":{"start":{"line":71,"column":34},"end":{"line":71,"column":41}},"loc":{"start":{"line":71,"column":55},"end":{"line":82,"column":2}}},"10":{"name":"(anonymous_17)","decl":{"start":{"line":71,"column":55},"end":{"line":71,"column":null}},"loc":{"start":{"line":71,"column":55},"end":{"line":82,"column":1}}}},"branchMap":{"0":{"loc":{"start":{"line":43,"column":4},"end":{"line":45,"column":5}},"type":"if","locations":[{"start":{"line":43,"column":4},"end":{"line":45,"column":5}}]},"1":{"loc":{"start":{"line":60,"column":4},"end":{"line":62,"column":5}},"type":"if","locations":[{"start":{"line":60,"column":4},"end":{"line":62,"column":5}}]},"2":{"loc":{"start":{"line":74,"column":4},"end":{"line":76,"column":5}},"type":"if","locations":[{"start":{"line":74,"column":4},"end":{"line":76,"column":5}}]}},"s":{"0":3,"1":3,"2":3,"3":3,"4":3,"5":1,"6":1,"7":1,"8":1,"9":0,"10":0,"11":3,"12":3,"13":1,"14":1,"15":1,"16":1,"17":0,"18":0,"19":3,"20":3,"21":1,"22":1,"23":1,"24":1,"25":0,"26":1,"27":0,"28":0,"29":3,"30":3,"31":1,"32":1,"33":1,"34":1,"35":0,"36":1,"37":0,"38":0,"39":3,"40":3,"41":0,"42":0,"43":0,"44":0,"45":0,"46":0,"47":0,"48":0,"49":3},"f":{"0":3,"1":1,"2":1,"3":1,"4":1,"5":1,"6":1,"7":1,"8":1,"9":0,"10":0},"b":{"0":[0],"1":[0],"2":[0]}}
,"C:\\Users\\CHUHOME\\Desktop\\movieRentalProject\\movieRentalServer\\src\\services\\movieService.ts": {"path":"C:\\Users\\CHUHOME\\Desktop\\movieRentalProject\\movieRentalServer\\src\\services\\movieService.ts","statementMap":{"0":{"start":{"line":1,"column":0},"end":{"line":1,"column":39}},"1":{"start":{"line":7,"column":27},"end":{"line":9,"column":1}},"2":{"start":{"line":8,"column":2},"end":{"line":8,"column":16}},"3":{"start":{"line":7,"column":13},"end":{"line":7,"column":27}},"4":{"start":{"line":12,"column":28},"end":{"line":20,"column":2}},"5":{"start":{"line":12,"column":39},"end":{"line":20,"column":2}},"6":{"start":{"line":13,"column":2},"end":{"line":19,"column":3}},"7":{"start":{"line":14,"column":19},"end":{"line":14,"column":65}},"8":{"start":{"line":15,"column":4},"end":{"line":15,"column":18}},"9":{"start":{"line":17,"column":4},"end":{"line":17,"column":52}},"10":{"start":{"line":18,"column":4},"end":{"line":18,"column":46}},"11":{"start":{"line":12,"column":13},"end":{"line":12,"column":28}},"12":{"start":{"line":23,"column":28},"end":{"line":34,"column":2}},"13":{"start":{"line":23,"column":49},"end":{"line":34,"column":2}},"14":{"start":{"line":24,"column":2},"end":{"line":33,"column":3}},"15":{"start":{"line":25,"column":18},"end":{"line":25,"column":82}},"16":{"start":{"line":26,"column":4},"end":{"line":28,"column":5}},"17":{"start":{"line":27,"column":6},"end":{"line":27,"column":41}},"18":{"start":{"line":29,"column":4},"end":{"line":29,"column":17}},"19":{"start":{"line":31,"column":4},"end":{"line":31,"column":65}},"20":{"start":{"line":32,"column":4},"end":{"line":32,"column":45}},"21":{"start":{"line":23,"column":13},"end":{"line":23,"column":28}},"22":{"start":{"line":37,"column":24},"end":{"line":45,"column":2}},"23":{"start":{"line":37,"column":45},"end":{"line":45,"column":2}},"24":{"start":{"line":38,"column":2},"end":{"line":44,"column":3}},"25":{"start":{"line":39,"column":19},"end":{"line":39,"column":65}},"26":{"start":{"line":40,"column":4},"end":{"line":40,"column":18}},"27":{"start":{"line":42,"column":4},"end":{"line":42,"column":53}},"28":{"start":{"line":43,"column":4},"end":{"line":43,"column":43}},"29":{"start":{"line":37,"column":13},"end":{"line":37,"column":24}},"30":{"start":{"line":48,"column":27},"end":{"line":62,"column":2}},"31":{"start":{"line":48,"column":67},"end":{"line":62,"column":2}},"32":{"start":{"line":49,"column":2},"end":{"line":61,"column":3}},"33":{"start":{"line":50,"column":19},"end":{"line":52,"column":null}},"34":{"start":{"line":54,"column":4},"end":{"line":56,"column":5}},"35":{"start":{"line":55,"column":6},"end":{"line":55,"column":41}},"36":{"start":{"line":57,"column":4},"end":{"line":57,"column":18}},"37":{"start":{"line":59,"column":4},"end":{"line":59,"column":66}},"38":{"start":{"line":60,"column":4},"end":{"line":60,"column":46}},"39":{"start":{"line":48,"column":13},"end":{"line":48,"column":27}},"40":{"start":{"line":65,"column":27},"end":{"line":76,"column":2}},"41":{"start":{"line":65,"column":48},"end":{"line":76,"column":2}},"42":{"start":{"line":66,"column":2},"end":{"line":75,"column":3}},"43":{"start":{"line":67,"column":19},"end":{"line":67,"column":85}},"44":{"start":{"line":68,"column":4},"end":{"line":70,"column":5}},"45":{"start":{"line":69,"column":6},"end":{"line":69,"column":41}},"46":{"start":{"line":71,"column":4},"end":{"line":71,"column":18}},"47":{"start":{"line":73,"column":4},"end":{"line":73,"column":66}},"48":{"start":{"line":74,"column":4},"end":{"line":74,"column":46}},"49":{"start":{"line":65,"column":13},"end":{"line":65,"column":27}},"50":{"start":{"line":79,"column":34},"end":{"line":91,"column":2}},"51":{"start":{"line":79,"column":57},"end":{"line":91,"column":2}},"52":{"start":{"line":80,"column":2},"end":{"line":90,"column":3}},"53":{"start":{"line":81,"column":19},"end":{"line":84,"column":6}},"54":{"start":{"line":85,"column":19},"end":{"line":85,"column":67}},"55":{"start":{"line":86,"column":4},"end":{"line":86,"column":18}},"56":{"start":{"line":88,"column":4},"end":{"line":88,"column":55}},"57":{"start":{"line":89,"column":4},"end":{"line":89,"column":49}},"58":{"start":{"line":79,"column":13},"end":{"line":79,"column":34}},"59":{"start":{"line":94,"column":37},"end":{"line":108,"column":2}},"60":{"start":{"line":94,"column":77},"end":{"line":108,"column":2}},"61":{"start":{"line":95,"column":2},"end":{"line":107,"column":3}},"62":{"start":{"line":96,"column":19},"end":{"line":98,"column":null}},"63":{"start":{"line":100,"column":4},"end":{"line":102,"column":5}},"64":{"start":{"line":101,"column":6},"end":{"line":101,"column":41}},"65":{"start":{"line":103,"column":4},"end":{"line":103,"column":18}},"66":{"start":{"line":105,"column":4},"end":{"line":105,"column":81}},"67":{"start":{"line":106,"column":4},"end":{"line":106,"column":61}},"68":{"start":{"line":94,"column":13},"end":{"line":94,"column":37}}},"fnMap":{"0":{"name":"(anonymous_7)","decl":{"start":{"line":7,"column":27},"end":{"line":7,"column":28}},"loc":{"start":{"line":7,"column":44},"end":{"line":9,"column":1}}},"1":{"name":"(anonymous_8)","decl":{"start":{"line":12,"column":28},"end":{"line":12,"column":37}},"loc":{"start":{"line":12,"column":39},"end":{"line":20,"column":2}}},"2":{"name":"(anonymous_9)","decl":{"start":{"line":12,"column":39},"end":{"line":12,"column":null}},"loc":{"start":{"line":12,"column":39},"end":{"line":20,"column":1}}},"3":{"name":"(anonymous_10)","decl":{"start":{"line":23,"column":28},"end":{"line":23,"column":35}},"loc":{"start":{"line":23,"column":49},"end":{"line":34,"column":2}}},"4":{"name":"(anonymous_11)","decl":{"start":{"line":23,"column":49},"end":{"line":23,"column":null}},"loc":{"start":{"line":23,"column":49},"end":{"line":34,"column":1}}},"5":{"name":"(anonymous_12)","decl":{"start":{"line":37,"column":24},"end":{"line":37,"column":31}},"loc":{"start":{"line":37,"column":45},"end":{"line":45,"column":2}}},"6":{"name":"(anonymous_13)","decl":{"start":{"line":37,"column":45},"end":{"line":37,"column":null}},"loc":{"start":{"line":37,"column":45},"end":{"line":45,"column":1}}},"7":{"name":"(anonymous_14)","decl":{"start":{"line":48,"column":27},"end":{"line":48,"column":34}},"loc":{"start":{"line":48,"column":67},"end":{"line":62,"column":2}}},"8":{"name":"(anonymous_15)","decl":{"start":{"line":48,"column":67},"end":{"line":48,"column":null}},"loc":{"start":{"line":48,"column":67},"end":{"line":62,"column":1}}},"9":{"name":"(anonymous_16)","decl":{"start":{"line":65,"column":27},"end":{"line":65,"column":34}},"loc":{"start":{"line":65,"column":48},"end":{"line":76,"column":2}}},"10":{"name":"(anonymous_17)","decl":{"start":{"line":65,"column":48},"end":{"line":65,"column":null}},"loc":{"start":{"line":65,"column":48},"end":{"line":76,"column":1}}},"11":{"name":"(anonymous_18)","decl":{"start":{"line":79,"column":34},"end":{"line":79,"column":41}},"loc":{"start":{"line":79,"column":57},"end":{"line":91,"column":2}}},"12":{"name":"(anonymous_19)","decl":{"start":{"line":79,"column":57},"end":{"line":79,"column":null}},"loc":{"start":{"line":79,"column":57},"end":{"line":91,"column":1}}},"13":{"name":"(anonymous_20)","decl":{"start":{"line":94,"column":37},"end":{"line":94,"column":44}},"loc":{"start":{"line":94,"column":77},"end":{"line":108,"column":2}}},"14":{"name":"(anonymous_21)","decl":{"start":{"line":94,"column":77},"end":{"line":94,"column":null}},"loc":{"start":{"line":94,"column":77},"end":{"line":108,"column":1}}}},"branchMap":{"0":{"loc":{"start":{"line":26,"column":4},"end":{"line":28,"column":5}},"type":"if","locations":[{"start":{"line":26,"column":4},"end":{"line":28,"column":5}}]},"1":{"loc":{"start":{"line":54,"column":4},"end":{"line":56,"column":5}},"type":"if","locations":[{"start":{"line":54,"column":4},"end":{"line":56,"column":5}}]},"2":{"loc":{"start":{"line":68,"column":4},"end":{"line":70,"column":5}},"type":"if","locations":[{"start":{"line":68,"column":4},"end":{"line":70,"column":5}}]},"3":{"loc":{"start":{"line":100,"column":4},"end":{"line":102,"column":5}},"type":"if","locations":[{"start":{"line":100,"column":4},"end":{"line":102,"column":5}}]}},"s":{"0":3,"1":3,"2":3,"3":3,"4":3,"5":0,"6":0,"7":0,"8":0,"9":0,"10":0,"11":3,"12":3,"13":1,"14":1,"15":1,"16":1,"17":0,"18":1,"19":0,"20":0,"21":3,"22":3,"23":1,"24":1,"25":1,"26":1,"27":0,"28":0,"29":3,"30":3,"31":1,"32":1,"33":1,"34":1,"35":0,"36":1,"37":0,"38":0,"39":3,"40":3,"41":1,"42":1,"43":1,"44":1,"45":0,"46":1,"47":0,"48":0,"49":3,"50":3,"51":0,"52":0,"53":0,"54":0,"55":0,"56":0,"57":0,"58":3,"59":3,"60":0,"61":0,"62":0,"63":0,"64":0,"65":0,"66":0,"67":0,"68":3},"f":{"0":3,"1":0,"2":0,"3":1,"4":1,"5":1,"6":1,"7":1,"8":1,"9":1,"10":1,"11":0,"12":0,"13":0,"14":0},"b":{"0":[0],"1":[0],"2":[0],"3":[0]}}
,"C:\\Users\\CHUHOME\\Desktop\\movieRentalProject\\movieRentalServer\\src\\utils\\authMiddleware.ts": {"path":"C:\\Users\\CHUHOME\\Desktop\\movieRentalProject\\movieRentalServer\\src\\utils\\authMiddleware.ts","statementMap":{"0":{"start":{"line":2,"column":0},"end":{"line":2,"column":31}},"1":{"start":{"line":4,"column":31},"end":{"line":25,"column":1}},"2":{"start":{"line":5,"column":21},"end":{"line":5,"column":46}},"3":{"start":{"line":7,"column":2},"end":{"line":24,"column":3}},"4":{"start":{"line":8,"column":18},"end":{"line":8,"column":42}},"5":{"start":{"line":10,"column":4},"end":{"line":21,"column":7}},"6":{"start":{"line":11,"column":6},"end":{"line":13,"column":7}},"7":{"start":{"line":12,"column":8},"end":{"line":12,"column":77}},"8":{"start":{"line":15,"column":6},"end":{"line":19,"column":7}},"9":{"start":{"line":16,"column":8},"end":{"line":16,"column":24}},"10":{"start":{"line":18,"column":8},"end":{"line":18,"column":72}},"11":{"start":{"line":20,"column":6},"end":{"line":20,"column":13}},"12":{"start":{"line":23,"column":4},"end":{"line":23,"column":73}},"13":{"start":{"line":4,"column":13},"end":{"line":4,"column":31}}},"fnMap":{"0":{"name":"(anonymous_1)","decl":{"start":{"line":4,"column":31},"end":{"line":4,"column":32}},"loc":{"start":{"line":4,"column":83},"end":{"line":25,"column":1}}},"1":{"name":"(anonymous_2)","decl":{"start":{"line":10,"column":61},"end":{"line":10,"column":62}},"loc":{"start":{"line":10,"column":75},"end":{"line":21,"column":5}}}},"branchMap":{"0":{"loc":{"start":{"line":7,"column":2},"end":{"line":24,"column":3}},"type":"if","locations":[{"start":{"line":7,"column":2},"end":{"line":24,"column":3}},{"start":{"line":22,"column":9},"end":{"line":24,"column":3}}]},"1":{"loc":{"start":{"line":10,"column":22},"end":{"line":10,"column":59}},"type":"binary-expr","locations":[{"start":{"line":10,"column":22},"end":{"line":10,"column":44}},{"start":{"line":10,"column":48},"end":{"line":10,"column":59}}]},"2":{"loc":{"start":{"line":11,"column":6},"end":{"line":13,"column":7}},"type":"if","locations":[{"start":{"line":11,"column":6},"end":{"line":13,"column":7}}]},"3":{"loc":{"start":{"line":15,"column":6},"end":{"line":19,"column":7}},"type":"if","locations":[{"start":{"line":15,"column":6},"end":{"line":19,"column":7}},{"start":{"line":17,"column":13},"end":{"line":19,"column":7}}]}},"s":{"0":3,"1":3,"2":9,"3":9,"4":8,"5":8,"6":8,"7":0,"8":8,"9":0,"10":8,"11":8,"12":1,"13":3},"f":{"0":9,"1":8},"b":{"0":[8,1],"1":[8,8],"2":[0],"3":[0,8]}}
,"C:\\Users\\CHUHOME\\Desktop\\movieRentalProject\\movieRentalServer\\src\\utils\\swagger.ts": {"path":"C:\\Users\\CHUHOME\\Desktop\\movieRentalProject\\movieRentalServer\\src\\utils\\swagger.ts","statementMap":{"0":{"start":{"line":1,"column":0},"end":{"line":1,"column":41}},"1":{"start":{"line":2,"column":0},"end":{"line":2,"column":43}},"2":{"start":{"line":5,"column":16},"end":{"line":40,"column":2}},"3":{"start":{"line":42,"column":20},"end":{"line":42,"column":41}},"4":{"start":{"line":45,"column":28},"end":{"line":53,"column":1}},"5":{"start":{"line":46,"column":2},"end":{"line":46,"column":70}},"6":{"start":{"line":49,"column":2},"end":{"line":52,"column":5}},"7":{"start":{"line":50,"column":4},"end":{"line":50,"column":54}},"8":{"start":{"line":51,"column":4},"end":{"line":51,"column":26}},"9":{"start":{"line":45,"column":13},"end":{"line":45,"column":28}}},"fnMap":{"0":{"name":"(anonymous_1)","decl":{"start":{"line":45,"column":28},"end":{"line":45,"column":29}},"loc":{"start":{"line":45,"column":45},"end":{"line":53,"column":1}}},"1":{"name":"(anonymous_2)","decl":{"start":{"line":49,"column":28},"end":{"line":49,"column":29}},"loc":{"start":{"line":49,"column":41},"end":{"line":52,"column":3}}}},"branchMap":{},"s":{"0":3,"1":3,"2":3,"3":3,"4":3,"5":3,"6":3,"7":0,"8":0,"9":3},"f":{"0":3,"1":0},"b":{}}
,"C:\\Users\\CHUHOME\\Desktop\\movieRentalProject\\movieRentalServer\\src\\utils\\upload.ts": {"path":"C:\\Users\\CHUHOME\\Desktop\\movieRentalProject\\movieRentalServer\\src\\utils\\upload.ts","statementMap":{"0":{"start":{"line":1,"column":0},"end":{"line":1,"column":28}},"1":{"start":{"line":2,"column":0},"end":{"line":2,"column":24}},"2":{"start":{"line":5,"column":16},"end":{"line":12,"column":2}},"3":{"start":{"line":7,"column":4},"end":{"line":7,"column":25}},"4":{"start":{"line":10,"column":4},"end":{"line":10,"column":51}},"5":{"start":{"line":15,"column":19},"end":{"line":22,"column":1}},"6":{"start":{"line":16,"column":14},"end":{"line":16,"column":59}},"7":{"start":{"line":17,"column":2},"end":{"line":21,"column":3}},"8":{"start":{"line":18,"column":4},"end":{"line":18,"column":19}},"9":{"start":{"line":20,"column":4},"end":{"line":20,"column":45}},"10":{"start":{"line":25,"column":15},"end":{"line":29,"column":2}},"11":{"start":{"line":31,"column":0},"end":{"line":31,"column":22}}},"fnMap":{"0":{"name":"(anonymous_1)","decl":{"start":{"line":6,"column":15},"end":{"line":6,"column":16}},"loc":{"start":{"line":6,"column":33},"end":{"line":8,"column":3}}},"1":{"name":"(anonymous_2)","decl":{"start":{"line":9,"column":12},"end":{"line":9,"column":13}},"loc":{"start":{"line":9,"column":30},"end":{"line":11,"column":3}}},"2":{"name":"(anonymous_3)","decl":{"start":{"line":15,"column":19},"end":{"line":15,"column":20}},"loc":{"start":{"line":15,"column":52},"end":{"line":22,"column":1}}}},"branchMap":{"0":{"loc":{"start":{"line":17,"column":2},"end":{"line":21,"column":3}},"type":"if","locations":[{"start":{"line":17,"column":2},"end":{"line":21,"column":3}},{"start":{"line":19,"column":9},"end":{"line":21,"column":3}}]},"1":{"loc":{"start":{"line":17,"column":6},"end":{"line":17,"column":57}},"type":"binary-expr","locations":[{"start":{"line":17,"column":6},"end":{"line":17,"column":20}},{"start":{"line":17,"column":24},"end":{"line":17,"column":39}},{"start":{"line":17,"column":43},"end":{"line":17,"column":57}}]}},"s":{"0":3,"1":3,"2":3,"3":1,"4":1,"5":3,"6":1,"7":1,"8":1,"9":0,"10":3,"11":3},"f":{"0":1,"1":1,"2":1},"b":{"0":[1,0],"1":[1,0,0]}}
}
