TN:
SF:src\index.ts
FN:36,(anonymous_1)
FN:44,(anonymous_2)
FN:55,(anonymous_3)
FN:61,(anonymous_4)
FNF:4
FNH:1
FNDA:3,(anonymous_1)
FNDA:0,(anonymous_2)
FNDA:0,(anonymous_3)
FNDA:0,(anonymous_4)
DA:1,3
DA:2,3
DA:3,3
DA:4,3
DA:6,3
DA:7,3
DA:8,3
DA:10,3
DA:11,3
DA:12,3
DA:14,3
DA:17,3
DA:20,3
DA:23,3
DA:26,3
DA:29,3
DA:32,3
DA:35,3
DA:38,3
DA:39,3
DA:40,3
DA:41,3
DA:42,3
DA:44,0
DA:47,3
DA:48,3
DA:49,3
DA:52,3
DA:55,3
DA:56,0
DA:60,3
DA:61,0
DA:62,0
DA:63,0
DA:67,3
LF:35
LH:30
BRDA:29,0,0,3
BRDA:29,0,1,0
BRDA:32,1,0,3
BRDA:32,1,1,0
BRDA:60,2,0,0
BRF:5
BRH:2
end_of_record
TN:
SF:src\routes\applications.ts
FN:55,(anonymous_8)
FN:55,(anonymous_9)
FN:102,(anonymous_10)
FN:102,(anonymous_11)
FN:146,(anonymous_12)
FN:146,(anonymous_13)
FN:199,(anonymous_14)
FN:199,(anonymous_15)
FNF:8
FNH:8
FNDA:1,(anonymous_8)
FNDA:1,(anonymous_9)
FNDA:1,(anonymous_10)
FNDA:1,(anonymous_11)
FNDA:1,(anonymous_12)
FNDA:1,(anonymous_13)
FNDA:1,(anonymous_14)
FNDA:1,(anonymous_15)
DA:1,3
DA:2,3
DA:3,3
DA:4,3
DA:5,3
DA:7,3
DA:10,3
DA:17,3
DA:55,3
DA:56,1
DA:58,1
DA:59,0
DA:62,1
DA:63,1
DA:64,1
DA:66,0
DA:102,3
DA:103,1
DA:104,1
DA:105,1
DA:107,0
DA:146,3
DA:147,1
DA:149,1
DA:150,0
DA:153,1
DA:154,1
DA:155,1
DA:156,0
DA:158,1
DA:160,0
DA:199,3
DA:200,1
DA:202,1
DA:203,0
DA:206,1
DA:207,1
DA:208,1
DA:209,0
DA:211,1
DA:213,0
DA:217,3
LF:42
LH:33
BRDA:58,0,0,0
BRDA:149,1,0,0
BRDA:155,2,0,0
BRDA:202,3,0,0
BRDA:208,4,0,0
BRF:5
BRH:0
end_of_record
TN:
SF:src\routes\auth.ts
FN:46,(anonymous_8)
FN:46,(anonymous_9)
FN:111,(anonymous_10)
FN:111,(anonymous_11)
FNF:4
FNH:4
FNDA:4,(anonymous_8)
FNDA:4,(anonymous_9)
FNDA:4,(anonymous_10)
FNDA:4,(anonymous_11)
DA:1,3
DA:2,3
DA:3,3
DA:5,3
DA:46,4
DA:47,4
DA:49,4
DA:50,1
DA:53,3
DA:55,3
DA:56,3
DA:57,3
DA:61,0
DA:64,0
DA:71,0
DA:73,0
DA:75,0
DA:111,4
DA:112,4
DA:114,4
DA:115,0
DA:118,4
DA:120,4
DA:122,4
DA:123,0
DA:127,4
DA:129,4
DA:130,1
DA:134,3
DA:141,3
DA:143,0
DA:147,3
LF:32
LH:24
BRDA:49,0,0,1
BRDA:49,1,0,4
BRDA:49,1,1,4
BRDA:56,2,0,3
BRDA:67,3,0,0
BRDA:67,3,1,0
BRDA:114,4,0,0
BRDA:114,5,0,4
BRDA:114,5,1,4
BRDA:122,6,0,0
BRDA:129,7,0,1
BRDA:136,8,0,3
BRDA:136,8,1,3
BRF:13
BRH:9
end_of_record
TN:
SF:src\routes\movies.ts
FN:55,(anonymous_8)
FN:55,(anonymous_9)
FN:89,(anonymous_10)
FN:89,(anonymous_11)
FN:149,(anonymous_12)
FN:149,(anonymous_13)
FN:209,(anonymous_14)
FN:209,(anonymous_15)
FN:258,(anonymous_16)
FN:258,(anonymous_17)
FN:313,(anonymous_18)
FN:313,(anonymous_19)
FNF:12
FNH:8
FNDA:0,(anonymous_8)
FNDA:0,(anonymous_9)
FNDA:1,(anonymous_10)
FNDA:1,(anonymous_11)
FNDA:1,(anonymous_12)
FNDA:1,(anonymous_13)
FNDA:1,(anonymous_14)
FNDA:1,(anonymous_15)
FNDA:1,(anonymous_16)
FNDA:1,(anonymous_17)
FNDA:0,(anonymous_18)
FNDA:0,(anonymous_19)
DA:1,3
DA:2,3
DA:3,3
DA:4,3
DA:5,3
DA:6,3
DA:7,3
DA:9,3
DA:11,3
DA:55,3
DA:56,0
DA:57,0
DA:58,0
DA:60,0
DA:89,3
DA:90,1
DA:92,1
DA:93,0
DA:96,1
DA:97,1
DA:98,1
DA:99,0
DA:101,1
DA:103,0
DA:149,3
DA:150,1
DA:152,1
DA:153,0
DA:156,1
DA:157,1
DA:158,1
DA:160,0
DA:209,3
DA:210,1
DA:212,1
DA:213,0
DA:216,1
DA:218,1
DA:219,0
DA:222,1
DA:223,1
DA:224,1
DA:225,0
DA:227,1
DA:229,0
DA:258,3
DA:259,1
DA:261,1
DA:262,0
DA:265,1
DA:266,1
DA:267,1
DA:268,0
DA:270,1
DA:272,0
DA:313,3
DA:314,0
DA:316,0
DA:317,0
DA:320,0
DA:321,0
DA:322,0
DA:323,0
DA:326,0
DA:328,0
DA:332,3
LF:66
LH:41
BRDA:92,0,0,0
BRDA:98,1,0,0
BRDA:152,2,0,0
BRDA:212,3,0,0
BRDA:218,4,0,0
BRDA:224,5,0,0
BRDA:261,6,0,0
BRDA:267,7,0,0
BRDA:316,8,0,0
BRDA:322,9,0,0
BRF:10
BRH:0
end_of_record
TN:
SF:src\services\applicationService.ts
FN:6,(anonymous_7)
FN:11,(anonymous_8)
FN:11,(anonymous_9)
FN:26,(anonymous_10)
FN:26,(anonymous_11)
FN:37,(anonymous_12)
FN:37,(anonymous_13)
FN:54,(anonymous_14)
FN:54,(anonymous_15)
FN:71,(anonymous_16)
FN:71,(anonymous_17)
FNF:11
FNH:9
FNDA:3,(anonymous_7)
FNDA:1,(anonymous_8)
FNDA:1,(anonymous_9)
FNDA:1,(anonymous_10)
FNDA:1,(anonymous_11)
FNDA:1,(anonymous_12)
FNDA:1,(anonymous_13)
FNDA:1,(anonymous_14)
FNDA:1,(anonymous_15)
FNDA:0,(anonymous_16)
FNDA:0,(anonymous_17)
DA:1,3
DA:6,3
DA:7,3
DA:11,3
DA:12,1
DA:13,1
DA:18,1
DA:20,0
DA:21,0
DA:26,3
DA:27,1
DA:28,1
DA:29,1
DA:31,0
DA:32,0
DA:37,3
DA:38,1
DA:39,1
DA:43,1
DA:44,0
DA:46,1
DA:48,0
DA:49,0
DA:54,3
DA:55,1
DA:56,1
DA:60,1
DA:61,0
DA:63,1
DA:65,0
DA:66,0
DA:71,3
DA:72,0
DA:73,0
DA:74,0
DA:75,0
DA:77,0
DA:79,0
DA:80,0
LF:39
LH:22
BRDA:43,0,0,0
BRDA:60,1,0,0
BRDA:74,2,0,0
BRF:3
BRH:0
end_of_record
TN:
SF:src\services\movieService.ts
FN:7,(anonymous_7)
FN:12,(anonymous_8)
FN:12,(anonymous_9)
FN:23,(anonymous_10)
FN:23,(anonymous_11)
FN:37,(anonymous_12)
FN:37,(anonymous_13)
FN:48,(anonymous_14)
FN:48,(anonymous_15)
FN:65,(anonymous_16)
FN:65,(anonymous_17)
FN:79,(anonymous_18)
FN:79,(anonymous_19)
FN:94,(anonymous_20)
FN:94,(anonymous_21)
FNF:15
FNH:9
FNDA:3,(anonymous_7)
FNDA:0,(anonymous_8)
FNDA:0,(anonymous_9)
FNDA:1,(anonymous_10)
FNDA:1,(anonymous_11)
FNDA:1,(anonymous_12)
FNDA:1,(anonymous_13)
FNDA:1,(anonymous_14)
FNDA:1,(anonymous_15)
FNDA:1,(anonymous_16)
FNDA:1,(anonymous_17)
FNDA:0,(anonymous_18)
FNDA:0,(anonymous_19)
FNDA:0,(anonymous_20)
FNDA:0,(anonymous_21)
DA:1,3
DA:7,3
DA:8,3
DA:12,3
DA:13,0
DA:14,0
DA:15,0
DA:17,0
DA:18,0
DA:23,3
DA:24,1
DA:25,1
DA:26,1
DA:27,0
DA:29,1
DA:31,0
DA:32,0
DA:37,3
DA:38,1
DA:39,1
DA:40,1
DA:42,0
DA:43,0
DA:48,3
DA:49,1
DA:50,1
DA:54,1
DA:55,0
DA:57,1
DA:59,0
DA:60,0
DA:65,3
DA:66,1
DA:67,1
DA:68,1
DA:69,0
DA:71,1
DA:73,0
DA:74,0
DA:79,3
DA:80,0
DA:81,0
DA:85,0
DA:86,0
DA:88,0
DA:89,0
DA:94,3
DA:95,0
DA:96,0
DA:100,0
DA:101,0
DA:103,0
DA:105,0
DA:106,0
LF:54
LH:25
BRDA:26,0,0,0
BRDA:54,1,0,0
BRDA:68,2,0,0
BRDA:100,3,0,0
BRF:4
BRH:0
end_of_record
TN:
SF:src\utils\authMiddleware.ts
FN:4,(anonymous_1)
FN:10,(anonymous_2)
FNF:2
FNH:2
FNDA:9,(anonymous_1)
FNDA:8,(anonymous_2)
DA:2,3
DA:4,3
DA:5,9
DA:7,9
DA:8,8
DA:10,8
DA:11,8
DA:12,0
DA:15,8
DA:16,0
DA:18,8
DA:20,8
DA:23,1
LF:13
LH:11
BRDA:7,0,0,8
BRDA:7,0,1,1
BRDA:10,1,0,8
BRDA:10,1,1,8
BRDA:11,2,0,0
BRDA:15,3,0,0
BRDA:15,3,1,8
BRF:7
BRH:5
end_of_record
TN:
SF:src\utils\swagger.ts
FN:45,(anonymous_1)
FN:49,(anonymous_2)
FNF:2
FNH:1
FNDA:3,(anonymous_1)
FNDA:0,(anonymous_2)
DA:1,3
DA:2,3
DA:5,3
DA:42,3
DA:45,3
DA:46,3
DA:49,3
DA:50,0
DA:51,0
LF:9
LH:7
BRF:0
BRH:0
end_of_record
TN:
SF:src\utils\upload.ts
FN:6,(anonymous_1)
FN:9,(anonymous_2)
FN:15,(anonymous_3)
FNF:3
FNH:3
FNDA:1,(anonymous_1)
FNDA:1,(anonymous_2)
FNDA:1,(anonymous_3)
DA:1,3
DA:2,3
DA:5,3
DA:7,1
DA:10,1
DA:15,3
DA:16,1
DA:17,1
DA:18,1
DA:20,0
DA:25,3
DA:31,3
LF:12
LH:11
BRDA:17,0,0,1
BRDA:17,0,1,0
BRDA:17,1,0,1
BRDA:17,1,1,0
BRDA:17,1,2,0
BRF:5
BRH:2
end_of_record
